Using pre-set license
Built from '2021.3/staging' branch; Version is '2021.3.6f1 (7da38d85baf6) revision 8233869'; Using compiler version '192829333'; Build Type 'Release'
OS: 'Windows 10  (10.0.19044) 64bit Professional' Language: 'ko' Physical Memory: 16266 MB
BatchMode: 1, IsHumanControllingUs: 0, StartBugReporterOnCrash: 0, Is64bit: 1, IsPro: 1

COMMAND LINE ARGUMENTS:
C:\Program Files\Unity\Hub\Editor\2021.3.6f1\Editor\Unity.exe
-adb2
-batchMode
-noUpm
-name
AssetImportWorker2
-projectPath
D:/Unity/GitHub/SpaceShooterK/SpaceShooterK
-logFile
Logs/AssetImportWorker2.log
-srvPort
7829
Successfully changed project path to: D:/Unity/GitHub/SpaceShooterK/SpaceShooterK
D:/Unity/GitHub/SpaceShooterK/SpaceShooterK
[UnityMemory] Configuration Parameters - Can be set up in boot.config
    "memorysetup-bucket-allocator-granularity=16"
    "memorysetup-bucket-allocator-bucket-count=8"
    "memorysetup-bucket-allocator-block-size=33554432"
    "memorysetup-bucket-allocator-block-count=8"
    "memorysetup-main-allocator-block-size=16777216"
    "memorysetup-thread-allocator-block-size=16777216"
    "memorysetup-gfx-main-allocator-block-size=16777216"
    "memorysetup-gfx-thread-allocator-block-size=16777216"
    "memorysetup-cache-allocator-block-size=4194304"
    "memorysetup-typetree-allocator-block-size=2097152"
    "memorysetup-profiler-bucket-allocator-granularity=16"
    "memorysetup-profiler-bucket-allocator-bucket-count=8"
    "memorysetup-profiler-bucket-allocator-block-size=33554432"
    "memorysetup-profiler-bucket-allocator-block-count=8"
    "memorysetup-profiler-allocator-block-size=16777216"
    "memorysetup-profiler-editor-allocator-block-size=1048576"
    "memorysetup-temp-allocator-size-main=16777216"
    "memorysetup-job-temp-allocator-block-size=2097152"
    "memorysetup-job-temp-allocator-block-size-background=1048576"
    "memorysetup-job-temp-allocator-reduction-small-platforms=262144"
    "memorysetup-temp-allocator-size-background-worker=32768"
    "memorysetup-temp-allocator-size-job-worker=262144"
    "memorysetup-temp-allocator-size-preload-manager=33554432"
    "memorysetup-temp-allocator-size-nav-mesh-worker=65536"
    "memorysetup-temp-allocator-size-audio-worker=65536"
    "memorysetup-temp-allocator-size-cloud-worker=32768"
    "memorysetup-temp-allocator-size-gi-baking-worker=262144"
    "memorysetup-temp-allocator-size-gfx=262144"
Refreshing native plugins compatible for Editor in 105.50 ms, found 3 plugins.
Preloading 0 native plugins for Editor in 0.00 ms.
Initialize engine version: 2021.3.6f1 (7da38d85baf6)
[Subsystems] Discovering subsystems at path C:/Program Files/Unity/Hub/Editor/2021.3.6f1/Editor/Data/Resources/UnitySubsystems
[Subsystems] Discovering subsystems at path D:/Unity/GitHub/SpaceShooterK/SpaceShooterK/Assets
GfxDevice: creating device client; threaded=0; jobified=0
Direct3D:
    Version:  Direct3D 11.0 [level 11.1]
    Renderer: NVIDIA GeForce GTX 1060 3GB (ID=0x1c02)
    Vendor:   NVIDIA
    VRAM:     2988 MB
    Driver:   30.0.15.1215
Initialize mono
Mono path[0] = 'C:/Program Files/Unity/Hub/Editor/2021.3.6f1/Editor/Data/Managed'
Mono path[1] = 'C:/Program Files/Unity/Hub/Editor/2021.3.6f1/Editor/Data/MonoBleedingEdge/lib/mono/unityjit-win32'
Mono config path = 'C:/Program Files/Unity/Hub/Editor/2021.3.6f1/Editor/Data/MonoBleedingEdge/etc'
Using monoOptions --debugger-agent=transport=dt_socket,embedding=1,server=y,suspend=n,address=127.0.0.1:56644
Begin MonoManager ReloadAssembly
Registering precompiled unity dll's ...
Register platform support module: C:/Program Files/Unity/Hub/Editor/2021.3.6f1/Editor/Data/PlaybackEngines/WebGLSupport/UnityEditor.WebGL.Extensions.dll
Register platform support module: C:/Program Files/Unity/Hub/Editor/2021.3.6f1/Editor/Data/PlaybackEngines/AndroidPlayer/UnityEditor.Android.Extensions.dll
Register platform support module: C:/Program Files/Unity/Hub/Editor/2021.3.6f1/Editor/Data/PlaybackEngines/WindowsStandaloneSupport/UnityEditor.WindowsStandalone.Extensions.dll
Registered in 0.023769 seconds.
Native extension for WindowsStandalone target not found
Native extension for Android target not found
Native extension for WebGL target not found
Refreshing native plugins compatible for Editor in 109.29 ms, found 3 plugins.
Preloading 0 native plugins for Editor in 0.00 ms.
Mono: successfully reloaded assembly
- Completed reload, in  0.846 seconds
Domain Reload Profiling:
	ReloadAssembly (847ms)
		BeginReloadAssembly (116ms)
			ExecutionOrderSort (0ms)
			DisableScriptedObjects (0ms)
			BackupInstance (0ms)
			ReleaseScriptingObjects (0ms)
			CreateAndSetChildDomain (1ms)
		EndReloadAssembly (572ms)
			LoadAssemblies (113ms)
			RebuildTransferFunctionScriptingTraits (0ms)
			SetupTypeCache (133ms)
			ReleaseScriptCaches (0ms)
			RebuildScriptCaches (30ms)
			SetupLoadedEditorAssemblies (346ms)
				LogAssemblyErrors (0ms)
				InitializePlatformSupportModulesInManaged (73ms)
				SetLoadedEditorAssemblies (0ms)
				RefreshPlugins (109ms)
				BeforeProcessingInitializeOnLoad (4ms)
				ProcessInitializeOnLoadAttributes (105ms)
				ProcessInitializeOnLoadMethodAttributes (53ms)
				AfterProcessingInitializeOnLoad (0ms)
				EditorAssembliesLoaded (0ms)
			ExecutionOrderSort2 (0ms)
			AwakeInstancesAfterBackupRestoration (0ms)
Platform modules already initialized, skipping
Registering precompiled user dll's ...
Registered in 0.007459 seconds.
Begin MonoManager ReloadAssembly
Symbol file LoadedFromMemory doesn't match image D:\Unity\GitHub\SpaceShooterK\SpaceShooterK\Library\PackageCache\com.unity.visualscripting@1.7.8\Editor\VisualScripting.Core\Dependencies\YamlDotNet\Unity.VisualScripting.YamlDotNet.dll
Symbol file LoadedFromMemory doesn't match image D:\Unity\GitHub\SpaceShooterK\SpaceShooterK\Library\PackageCache\com.unity.visualscripting@1.7.8\Editor\VisualScripting.Core\Dependencies\DotNetZip\Unity.VisualScripting.IonicZip.dll
Native extension for WindowsStandalone target not found
Native extension for Android target not found
Native extension for WebGL target not found
Refreshing native plugins compatible for Editor in 0.58 ms, found 3 plugins.
Preloading 0 native plugins for Editor in 0.00 ms.
Mono: successfully reloaded assembly
- Completed reload, in  2.735 seconds
Domain Reload Profiling:
	ReloadAssembly (2736ms)
		BeginReloadAssembly (1596ms)
			ExecutionOrderSort (0ms)
			DisableScriptedObjects (6ms)
			BackupInstance (0ms)
			ReleaseScriptingObjects (0ms)
			CreateAndSetChildDomain (1464ms)
		EndReloadAssembly (988ms)
			LoadAssemblies (124ms)
			RebuildTransferFunctionScriptingTraits (0ms)
			SetupTypeCache (319ms)
			ReleaseScriptCaches (1ms)
			RebuildScriptCaches (53ms)
			SetupLoadedEditorAssemblies (470ms)
				LogAssemblyErrors (0ms)
				InitializePlatformSupportModulesInManaged (24ms)
				SetLoadedEditorAssemblies (1ms)
				RefreshPlugins (1ms)
				BeforeProcessingInitializeOnLoad (122ms)
				ProcessInitializeOnLoadAttributes (274ms)
				ProcessInitializeOnLoadMethodAttributes (30ms)
				AfterProcessingInitializeOnLoad (18ms)
				EditorAssembliesLoaded (0ms)
			ExecutionOrderSort2 (0ms)
			AwakeInstancesAfterBackupRestoration (8ms)
Platform modules already initialized, skipping
========================================================================
Worker process is ready to serve import requests
Launched and connected shader compiler UnityShaderCompiler.exe after 0.05 seconds
Refreshing native plugins compatible for Editor in 0.58 ms, found 3 plugins.
Preloading 0 native plugins for Editor in 0.00 ms.
Unloading 3369 Unused Serialized files (Serialized files now loaded: 0)
Unloading 27 unused Assets / (111.7 KB). Loaded Objects now: 3839.
Memory consumption went from 123.0 MB to 122.9 MB.
Total: 3.056300 ms (FindLiveObjects: 0.275100 ms CreateObjectMapping: 0.234900 ms MarkObjects: 2.437400 ms  DeleteObjects: 0.108000 ms)

AssetImportParameters requested are different than current active one (requested -> active):
  custom:video-decoder-ogg-theora: a1e56fd34408186e4bbccfd4996cb3dc -> 
  custom:container-muxer-webm: aa71ff27fc2769a1b78a27578f13a17b -> 
  custom:container-demuxer-webm: 4f35f7cbe854078d1ac9338744f61a02 -> 
  custom:video-encoder-webm-vp8: eb34c28f22e8b96e1ab97ce403110664 -> 
  custom:audio-encoder-webm-vorbis: bf7c407c2cedff20999df2af8eb42d56 -> 
  custom:framework-win-MediaFoundation: 216162199b28c13a410421893ffa2e32 -> 
  custom:container-demuxer-ogg: 62fdf1f143b41e24485cea50d1cbac27 -> 
  custom:video-decoder-webm-vp8: 9c59270c3fd7afecdb556c50c9e8de78 -> 
  custom:audio-decoder-ogg-vorbis: bf7c407c2cedff20999df2af8eb42d56 -> 
========================================================================
Received Import Request.
  Time since last request: 1312879.402774 seconds.
  path: Assets/Player Animation Clip
  artifactKey: Guid(c404b61454ab141ad9ba885dfe074737) Importer(815301076,1909f56bfc062723c751e8b465ee728b)
Start importing Assets/Player Animation Clip using Guid(c404b61454ab141ad9ba885dfe074737) Importer(815301076,1909f56bfc062723c751e8b465ee728b)  -> (artifact id: 'a5d56e7238413da87e9a4ff1be80249c') in 0.006928 seconds 
========================================================================
Received Import Request.
  Time since last request: 73.807405 seconds.
  path: Assets/Animations/Player Animation Clip/Idle.anim
  artifactKey: Guid(df787a42d52d64ff4b908f7a344d499e) Importer(815301076,1909f56bfc062723c751e8b465ee728b)
Start importing Assets/Animations/Player Animation Clip/Idle.anim using Guid(df787a42d52d64ff4b908f7a344d499e) Importer(815301076,1909f56bfc062723c751e8b465ee728b)  -> (artifact id: '04613ae8a14833bd7e0f4da3b122df6b') in 0.055498 seconds 
========================================================================
Received Import Request.
  Time since last request: 29.272892 seconds.
  path: Assets/05.Models
  artifactKey: Guid(9713010bc0ccf7943b1fdf3494028fe4) Importer(815301076,1909f56bfc062723c751e8b465ee728b)
Start importing Assets/05.Models using Guid(9713010bc0ccf7943b1fdf3494028fe4) Importer(815301076,1909f56bfc062723c751e8b465ee728b)  -> (artifact id: 'c754bd024818c6671890e7d918a86141') in 0.003652 seconds 
========================================================================
Received Import Request.
  Time since last request: 2.622008 seconds.
  path: Assets/05.Models/Player
  artifactKey: Guid(2d27a77e441c940ada7f698ec0bea885) Importer(815301076,1909f56bfc062723c751e8b465ee728b)
Start importing Assets/05.Models/Player using Guid(2d27a77e441c940ada7f698ec0bea885) Importer(815301076,1909f56bfc062723c751e8b465ee728b)  -> (artifact id: 'b2f443a0b24c9b054fcf8c5fd2ccfebf') in 0.003360 seconds 
========================================================================
Received Import Request.
  Time since last request: 6.262840 seconds.
  path: Assets/05.Models/Player/Player.FBX
  artifactKey: Guid(f3cd25b3bf53c4adaaf087d862e435e6) Importer(815301076,1909f56bfc062723c751e8b465ee728b)
Start importing Assets/05.Models/Player/Player.FBX using Guid(f3cd25b3bf53c4adaaf087d862e435e6) Importer(815301076,1909f56bfc062723c751e8b465ee728b)  -> (artifact id: '854a48038fbc53a66af2aa3fcb461838') in 0.192682 seconds 
========================================================================
Received Import Request.
  Time since last request: 1007.022834 seconds.
  path: Assets/05.Models/Player/Player.FBX
  artifactKey: Guid(f3cd25b3bf53c4adaaf087d862e435e6) Importer(815301076,1909f56bfc062723c751e8b465ee728b)
Start importing Assets/05.Models/Player/Player.FBX using Guid(f3cd25b3bf53c4adaaf087d862e435e6) Importer(815301076,1909f56bfc062723c751e8b465ee728b)  -> (artifact id: 'ab132a76a56b8c914c9bc95749895096') in 0.051082 seconds 
========================================================================
Received Import Request.
  Time since last request: 202.555680 seconds.
  path: Assets/03.Prefabs/Wall.prefab
  artifactKey: Guid(1409442602dd9e8408d63930728bd6d4) Importer(815301076,1909f56bfc062723c751e8b465ee728b)
Start importing Assets/03.Prefabs/Wall.prefab using Guid(1409442602dd9e8408d63930728bd6d4) Importer(815301076,1909f56bfc062723c751e8b465ee728b)  -> (artifact id: '39b8df0ef2d68df0b63d0e5b76332e97') in 0.020576 seconds 
========================================================================
Received Import Request.
  Time since last request: 3.244490 seconds.
  path: Assets/03.Prefabs/Player.prefab
  artifactKey: Guid(80602d606badb1e41a26da9e26dc4432) Importer(815301076,1909f56bfc062723c751e8b465ee728b)
Start importing Assets/03.Prefabs/Player.prefab using Guid(80602d606badb1e41a26da9e26dc4432) Importer(815301076,1909f56bfc062723c751e8b465ee728b)  -> (artifact id: 'e3bdc20e08cf42ebd108ba261fb81faa') in 0.015888 seconds 
========================================================================
Received Import Request.
  Time since last request: 530.038765 seconds.
  path: Assets/05.Models/Player/Player.FBX
  artifactKey: Guid(f3cd25b3bf53c4adaaf087d862e435e6) Importer(815301076,1909f56bfc062723c751e8b465ee728b)
Start importing Assets/05.Models/Player/Player.FBX using Guid(f3cd25b3bf53c4adaaf087d862e435e6) Importer(815301076,1909f56bfc062723c751e8b465ee728b)  -> (artifact id: 'bb871a2cd27bfa3968aa4a3052738639') in 0.051520 seconds 
========================================================================
Received Import Request.
  Time since last request: 23.515069 seconds.
  path: Assets/05.Models/Player/Player.FBX
  artifactKey: Guid(f3cd25b3bf53c4adaaf087d862e435e6) Importer(815301076,1909f56bfc062723c751e8b465ee728b)
Start importing Assets/05.Models/Player/Player.FBX using Guid(f3cd25b3bf53c4adaaf087d862e435e6) Importer(815301076,1909f56bfc062723c751e8b465ee728b)  -> (artifact id: '5825a512a68768e8351e445baeabf161') in 0.053979 seconds 
========================================================================
Received Import Request.
  Time since last request: 7.459658 seconds.
  path: Assets/05.Models/Player/Player.FBX
  artifactKey: Guid(f3cd25b3bf53c4adaaf087d862e435e6) Importer(815301076,1909f56bfc062723c751e8b465ee728b)
Start importing Assets/05.Models/Player/Player.FBX using Guid(f3cd25b3bf53c4adaaf087d862e435e6) Importer(815301076,1909f56bfc062723c751e8b465ee728b)  -> (artifact id: 'de5462104547d6ac147933c314377b0d') in 0.047124 seconds 
========================================================================
Received Import Request.
  Time since last request: 142.652268 seconds.
  path: Assets/05.Models/Player/Player.FBX
  artifactKey: Guid(f3cd25b3bf53c4adaaf087d862e435e6) Importer(815301076,1909f56bfc062723c751e8b465ee728b)
Start importing Assets/05.Models/Player/Player.FBX using Guid(f3cd25b3bf53c4adaaf087d862e435e6) Importer(815301076,1909f56bfc062723c751e8b465ee728b)  -> (artifact id: '488bf793d37f3b6b4bbfa69bfb69fdef') in 0.051303 seconds 
========================================================================
Received Import Request.
  Time since last request: 71.062586 seconds.
  path: Assets/05.Models/Player/Player.FBX
  artifactKey: Guid(f3cd25b3bf53c4adaaf087d862e435e6) Importer(815301076,1909f56bfc062723c751e8b465ee728b)
Start importing Assets/05.Models/Player/Player.FBX using Guid(f3cd25b3bf53c4adaaf087d862e435e6) Importer(815301076,1909f56bfc062723c751e8b465ee728b)  -> (artifact id: 'db30cb4c1c3f2f2254dd55c34d761000') in 0.046853 seconds 
========================================================================
Received Import Request.
  Time since last request: 1304.165509 seconds.
  path: Assets/Animations
  artifactKey: Guid(d57ca792a6a750d48bd2bb79e69d1848) Importer(815301076,1909f56bfc062723c751e8b465ee728b)
Start importing Assets/Animations using Guid(d57ca792a6a750d48bd2bb79e69d1848) Importer(815301076,1909f56bfc062723c751e8b465ee728b)  -> (artifact id: '2a524d18649ffe28e83a69799df7c46b') in 0.003372 seconds 
========================================================================
Received Import Request.
  Time since last request: 5.785402 seconds.
  path: Assets/07.Animations
  artifactKey: Guid(d57ca792a6a750d48bd2bb79e69d1848) Importer(815301076,1909f56bfc062723c751e8b465ee728b)
Start importing Assets/07.Animations using Guid(d57ca792a6a750d48bd2bb79e69d1848) Importer(815301076,1909f56bfc062723c751e8b465ee728b)  -> (artifact id: 'b092b981b45e1d70a9e0cc2ffcb26f91') in 0.003523 seconds 
========================================================================
Received Import Request.
  Time since last request: 225.599403 seconds.
  path: Assets/05.Models/Barrel/Barrel.fbx
  artifactKey: Guid(82fa7b7c287729a40add651099701bf7) Importer(815301076,1909f56bfc062723c751e8b465ee728b)
Start importing Assets/05.Models/Barrel/Barrel.fbx using Guid(82fa7b7c287729a40add651099701bf7) Importer(815301076,1909f56bfc062723c751e8b465ee728b)  -> (artifact id: 'da5b4bd1aee0ffabb686ce72854f1517') in 0.083564 seconds 
========================================================================
Received Import Request.
  Time since last request: 491.130743 seconds.
  path: Assets/05.Models/Player/Textures
  artifactKey: Guid(9adea2fc53af24618baad2ef5da3a17d) Importer(815301076,1909f56bfc062723c751e8b465ee728b)
Start importing Assets/05.Models/Player/Textures using Guid(9adea2fc53af24618baad2ef5da3a17d) Importer(815301076,1909f56bfc062723c751e8b465ee728b)  -> (artifact id: '2999e097f8b0b3c9842dd12814aef95b') in 0.003771 seconds 
========================================================================
Received Import Request.
  Time since last request: 143.600251 seconds.
  path: Assets/07.Animations/Player Animation Clip/IdleFireSMG.anim
  artifactKey: Guid(9268e98fb6cf94b7680e3c72e7e3f7af) Importer(815301076,1909f56bfc062723c751e8b465ee728b)
Start importing Assets/07.Animations/Player Animation Clip/IdleFireSMG.anim using Guid(9268e98fb6cf94b7680e3c72e7e3f7af) Importer(815301076,1909f56bfc062723c751e8b465ee728b)  -> (artifact id: '7d772c303568851f82210838e8e2788a') in 0.006855 seconds 
========================================================================
Received Import Request.
  Time since last request: 10.160387 seconds.
  path: Assets/07.Animations/Player Animation Clip/IdleReloadSMG.anim
  artifactKey: Guid(490e214aa41ee4896b152dcb101f1b55) Importer(815301076,1909f56bfc062723c751e8b465ee728b)
Start importing Assets/07.Animations/Player Animation Clip/IdleReloadSMG.anim using Guid(490e214aa41ee4896b152dcb101f1b55) Importer(815301076,1909f56bfc062723c751e8b465ee728b)  -> (artifact id: 'ce9f6a162ac5170cdb79d8c65534fad0') in 0.007382 seconds 
========================================================================
Received Import Request.
  Time since last request: 4.248488 seconds.
  path: Assets/07.Animations/Player Animation Clip/RunF.anim
  artifactKey: Guid(185c4b4f1e1c1441d920959e7dee49a5) Importer(815301076,1909f56bfc062723c751e8b465ee728b)
Start importing Assets/07.Animations/Player Animation Clip/RunF.anim using Guid(185c4b4f1e1c1441d920959e7dee49a5) Importer(815301076,1909f56bfc062723c751e8b465ee728b)  -> (artifact id: '1a55c57fa4ca12e9a1f913800da5b100') in 0.008200 seconds 
========================================================================
Received Import Request.
  Time since last request: 229.999908 seconds.
  path: Assets/07.Animations/Player Animation Clip/RunB.anim
  artifactKey: Guid(777be73b9098940d086517b3fe6beb8a) Importer(815301076,1909f56bfc062723c751e8b465ee728b)
Start importing Assets/07.Animations/Player Animation Clip/RunB.anim using Guid(777be73b9098940d086517b3fe6beb8a) Importer(815301076,1909f56bfc062723c751e8b465ee728b)  -> (artifact id: '85df2037b6cff3045a4c049e158e313c') in 0.008871 seconds 
========================================================================
Received Import Request.
  Time since last request: 13.214438 seconds.
  path: Assets/07.Animations/Player Animation Clip/RunL.anim
  artifactKey: Guid(268781a61383b42a98eeda538dfa52e9) Importer(815301076,1909f56bfc062723c751e8b465ee728b)
Start importing Assets/07.Animations/Player Animation Clip/RunL.anim using Guid(268781a61383b42a98eeda538dfa52e9) Importer(815301076,1909f56bfc062723c751e8b465ee728b)  -> (artifact id: 'a0df489077816b4d925a7b53aa4dcde2') in 0.007184 seconds 
========================================================================
Received Import Request.
  Time since last request: 5.872205 seconds.
  path: Assets/07.Animations/Player Animation Clip/RunR.anim
  artifactKey: Guid(f65e8694646404294b2de66b5827d6e5) Importer(815301076,1909f56bfc062723c751e8b465ee728b)
Start importing Assets/07.Animations/Player Animation Clip/RunR.anim using Guid(f65e8694646404294b2de66b5827d6e5) Importer(815301076,1909f56bfc062723c751e8b465ee728b)  -> (artifact id: '9f9899b154fdd7d64d83432a6bae0106') in 0.007274 seconds 
========================================================================
Received Import Request.
  Time since last request: 1348.729630 seconds.
  path: Assets/07.Animations/Player Animation Clip/Idle.anim
  artifactKey: Guid(df787a42d52d64ff4b908f7a344d499e) Importer(815301076,1909f56bfc062723c751e8b465ee728b)
Start importing Assets/07.Animations/Player Animation Clip/Idle.anim using Guid(df787a42d52d64ff4b908f7a344d499e) Importer(815301076,1909f56bfc062723c751e8b465ee728b)  -> (artifact id: 'ae776311780d02ab171f9c238444839a') in 0.015741 seconds 
========================================================================
Received Import Request.
  Time since last request: 3.039237 seconds.
  path: Assets/07.Animations/Player Animation Clip/MenuIdle.anim
  artifactKey: Guid(6aba53e6dc3a949f78d860f083c0a174) Importer(815301076,1909f56bfc062723c751e8b465ee728b)
Start importing Assets/07.Animations/Player Animation Clip/MenuIdle.anim using Guid(6aba53e6dc3a949f78d860f083c0a174) Importer(815301076,1909f56bfc062723c751e8b465ee728b)  -> (artifact id: '423af7934d789b40970a6f3770954569') in 0.009463 seconds 
========================================================================
Received Import Request.
  Time since last request: 0.584941 seconds.
  path: Assets/07.Animations/Player Animation Clip/RunB.anim
  artifactKey: Guid(777be73b9098940d086517b3fe6beb8a) Importer(815301076,1909f56bfc062723c751e8b465ee728b)
Start importing Assets/07.Animations/Player Animation Clip/RunB.anim using Guid(777be73b9098940d086517b3fe6beb8a) Importer(815301076,1909f56bfc062723c751e8b465ee728b)  -> (artifact id: 'ed8f9b94aa357fcf9ed8b649af3a878b') in 0.007671 seconds 
========================================================================
Received Import Request.
  Time since last request: 1.442649 seconds.
  path: Assets/07.Animations/Player Animation Clip/RunF.anim
  artifactKey: Guid(185c4b4f1e1c1441d920959e7dee49a5) Importer(815301076,1909f56bfc062723c751e8b465ee728b)
Start importing Assets/07.Animations/Player Animation Clip/RunF.anim using Guid(185c4b4f1e1c1441d920959e7dee49a5) Importer(815301076,1909f56bfc062723c751e8b465ee728b)  -> (artifact id: '682b8b36f59c9d2bb3d15d267a2b3f45') in 0.007257 seconds 
========================================================================
Received Import Request.
  Time since last request: 0.822516 seconds.
  path: Assets/07.Animations/Player Animation Clip/RunFireSMG.anim
  artifactKey: Guid(6224bc0a21c1046ceb676a4246d50da8) Importer(815301076,1909f56bfc062723c751e8b465ee728b)
Start importing Assets/07.Animations/Player Animation Clip/RunFireSMG.anim using Guid(6224bc0a21c1046ceb676a4246d50da8) Importer(815301076,1909f56bfc062723c751e8b465ee728b)  -> (artifact id: '5a5fe5a3d1e772ba75cec11b056c34b5') in 0.008710 seconds 
========================================================================
Received Import Request.
  Time since last request: 0.990355 seconds.
  path: Assets/07.Animations/Player Animation Clip/RunL.anim
  artifactKey: Guid(268781a61383b42a98eeda538dfa52e9) Importer(815301076,1909f56bfc062723c751e8b465ee728b)
Start importing Assets/07.Animations/Player Animation Clip/RunL.anim using Guid(268781a61383b42a98eeda538dfa52e9) Importer(815301076,1909f56bfc062723c751e8b465ee728b)  -> (artifact id: 'a57cf2b8eb7050f7c21186c5c0e8c9fa') in 0.007200 seconds 
========================================================================
Received Import Request.
  Time since last request: 0.945740 seconds.
  path: Assets/07.Animations/Player Animation Clip/RunR.anim
  artifactKey: Guid(f65e8694646404294b2de66b5827d6e5) Importer(815301076,1909f56bfc062723c751e8b465ee728b)
Start importing Assets/07.Animations/Player Animation Clip/RunR.anim using Guid(f65e8694646404294b2de66b5827d6e5) Importer(815301076,1909f56bfc062723c751e8b465ee728b)  -> (artifact id: 'fd6a725cb2ff224cfc89c43feee2dc60') in 0.007142 seconds 
========================================================================
Received Prepare
Registering precompiled user dll's ...
Registered in 0.008006 seconds.
Begin MonoManager ReloadAssembly
Symbol file LoadedFromMemory doesn't match image D:\Unity\GitHub\SpaceShooterK\SpaceShooterK\Library\PackageCache\com.unity.visualscripting@1.7.8\Editor\VisualScripting.Core\Dependencies\YamlDotNet\Unity.VisualScripting.YamlDotNet.dll
Symbol file LoadedFromMemory doesn't match image D:\Unity\GitHub\SpaceShooterK\SpaceShooterK\Library\PackageCache\com.unity.visualscripting@1.7.8\Editor\VisualScripting.Core\Dependencies\DotNetZip\Unity.VisualScripting.IonicZip.dll
Native extension for WindowsStandalone target not found
Native extension for Android target not found
Native extension for WebGL target not found
Refreshing native plugins compatible for Editor in 0.64 ms, found 3 plugins.
Preloading 0 native plugins for Editor in 0.00 ms.
Mono: successfully reloaded assembly
- Completed reload, in  1.541 seconds
Domain Reload Profiling:
	ReloadAssembly (1542ms)
		BeginReloadAssembly (215ms)
			ExecutionOrderSort (0ms)
			DisableScriptedObjects (7ms)
			BackupInstance (0ms)
			ReleaseScriptingObjects (0ms)
			CreateAndSetChildDomain (55ms)
		EndReloadAssembly (1177ms)
			LoadAssemblies (157ms)
			RebuildTransferFunctionScriptingTraits (0ms)
			SetupTypeCache (410ms)
			ReleaseScriptCaches (1ms)
			RebuildScriptCaches (69ms)
			SetupLoadedEditorAssemblies (498ms)
				LogAssemblyErrors (0ms)
				InitializePlatformSupportModulesInManaged (43ms)
				SetLoadedEditorAssemblies (1ms)
				RefreshPlugins (1ms)
				BeforeProcessingInitializeOnLoad (108ms)
				ProcessInitializeOnLoadAttributes (289ms)
				ProcessInitializeOnLoadMethodAttributes (35ms)
				AfterProcessingInitializeOnLoad (20ms)
				EditorAssembliesLoaded (0ms)
			ExecutionOrderSort2 (0ms)
			AwakeInstancesAfterBackupRestoration (10ms)
Platform modules already initialized, skipping
Refreshing native plugins compatible for Editor in 2.00 ms, found 3 plugins.
Preloading 0 native plugins for Editor in 0.00 ms.
Unloading 3364 Unused Serialized files (Serialized files now loaded: 0)
Unloading 20 unused Assets / (78.4 KB). Loaded Objects now: 3854.
Memory consumption went from 140.5 MB to 140.4 MB.
Total: 4.059100 ms (FindLiveObjects: 0.366300 ms CreateObjectMapping: 0.239800 ms MarkObjects: 3.344200 ms  DeleteObjects: 0.107600 ms)

AssetImportParameters requested are different than current active one (requested -> active):
  custom:video-decoder-ogg-theora: a1e56fd34408186e4bbccfd4996cb3dc -> 
  custom:container-muxer-webm: aa71ff27fc2769a1b78a27578f13a17b -> 
  custom:container-demuxer-webm: 4f35f7cbe854078d1ac9338744f61a02 -> 
  custom:video-encoder-webm-vp8: eb34c28f22e8b96e1ab97ce403110664 -> 
  custom:audio-encoder-webm-vorbis: bf7c407c2cedff20999df2af8eb42d56 -> 
  custom:framework-win-MediaFoundation: 216162199b28c13a410421893ffa2e32 -> 
  custom:container-demuxer-ogg: 62fdf1f143b41e24485cea50d1cbac27 -> 
  custom:video-decoder-webm-vp8: 9c59270c3fd7afecdb556c50c9e8de78 -> 
  custom:audio-decoder-ogg-vorbis: bf7c407c2cedff20999df2af8eb42d56 -> 
========================================================================
Received Prepare
Registering precompiled user dll's ...
Registered in 0.006920 seconds.
Begin MonoManager ReloadAssembly
Symbol file LoadedFromMemory doesn't match image D:\Unity\GitHub\SpaceShooterK\SpaceShooterK\Library\PackageCache\com.unity.visualscripting@1.7.8\Editor\VisualScripting.Core\Dependencies\YamlDotNet\Unity.VisualScripting.YamlDotNet.dll
Symbol file LoadedFromMemory doesn't match image D:\Unity\GitHub\SpaceShooterK\SpaceShooterK\Library\PackageCache\com.unity.visualscripting@1.7.8\Editor\VisualScripting.Core\Dependencies\DotNetZip\Unity.VisualScripting.IonicZip.dll
Native extension for WindowsStandalone target not found
Native extension for Android target not found
Native extension for WebGL target not found
Refreshing native plugins compatible for Editor in 0.60 ms, found 3 plugins.
Preloading 0 native plugins for Editor in 0.00 ms.
Mono: successfully reloaded assembly
- Completed reload, in  1.252 seconds
Domain Reload Profiling:
	ReloadAssembly (1253ms)
		BeginReloadAssembly (185ms)
			ExecutionOrderSort (0ms)
			DisableScriptedObjects (6ms)
			BackupInstance (0ms)
			ReleaseScriptingObjects (0ms)
			CreateAndSetChildDomain (44ms)
		EndReloadAssembly (931ms)
			LoadAssemblies (135ms)
			RebuildTransferFunctionScriptingTraits (0ms)
			SetupTypeCache (331ms)
			ReleaseScriptCaches (1ms)
			RebuildScriptCaches (42ms)
			SetupLoadedEditorAssemblies (400ms)
				LogAssemblyErrors (0ms)
				InitializePlatformSupportModulesInManaged (35ms)
				SetLoadedEditorAssemblies (1ms)
				RefreshPlugins (1ms)
				BeforeProcessingInitializeOnLoad (86ms)
				ProcessInitializeOnLoadAttributes (226ms)
				ProcessInitializeOnLoadMethodAttributes (32ms)
				AfterProcessingInitializeOnLoad (19ms)
				EditorAssembliesLoaded (0ms)
			ExecutionOrderSort2 (0ms)
			AwakeInstancesAfterBackupRestoration (9ms)
Platform modules already initialized, skipping
Refreshing native plugins compatible for Editor in 1.86 ms, found 3 plugins.
Preloading 0 native plugins for Editor in 0.00 ms.
Unloading 3364 Unused Serialized files (Serialized files now loaded: 0)
Unloading 20 unused Assets / (78.4 KB). Loaded Objects now: 3857.
Memory consumption went from 140.5 MB to 140.4 MB.
Total: 2.797800 ms (FindLiveObjects: 0.254600 ms CreateObjectMapping: 0.164500 ms MarkObjects: 2.296200 ms  DeleteObjects: 0.081500 ms)

AssetImportParameters requested are different than current active one (requested -> active):
  custom:video-decoder-ogg-theora: a1e56fd34408186e4bbccfd4996cb3dc -> 
  custom:container-muxer-webm: aa71ff27fc2769a1b78a27578f13a17b -> 
  custom:container-demuxer-webm: 4f35f7cbe854078d1ac9338744f61a02 -> 
  custom:video-encoder-webm-vp8: eb34c28f22e8b96e1ab97ce403110664 -> 
  custom:audio-encoder-webm-vorbis: bf7c407c2cedff20999df2af8eb42d56 -> 
  custom:framework-win-MediaFoundation: 216162199b28c13a410421893ffa2e32 -> 
  custom:container-demuxer-ogg: 62fdf1f143b41e24485cea50d1cbac27 -> 
  custom:video-decoder-webm-vp8: 9c59270c3fd7afecdb556c50c9e8de78 -> 
  custom:audio-decoder-ogg-vorbis: bf7c407c2cedff20999df2af8eb42d56 -> 
========================================================================
Received Prepare
Registering precompiled user dll's ...
Registered in 0.009610 seconds.
Begin MonoManager ReloadAssembly
Symbol file LoadedFromMemory doesn't match image D:\Unity\GitHub\SpaceShooterK\SpaceShooterK\Library\PackageCache\com.unity.visualscripting@1.7.8\Editor\VisualScripting.Core\Dependencies\YamlDotNet\Unity.VisualScripting.YamlDotNet.dll
Symbol file LoadedFromMemory doesn't match image D:\Unity\GitHub\SpaceShooterK\SpaceShooterK\Library\PackageCache\com.unity.visualscripting@1.7.8\Editor\VisualScripting.Core\Dependencies\DotNetZip\Unity.VisualScripting.IonicZip.dll
Native extension for WindowsStandalone target not found
Native extension for Android target not found
Native extension for WebGL target not found
Refreshing native plugins compatible for Editor in 0.57 ms, found 3 plugins.
Preloading 0 native plugins for Editor in 0.00 ms.
Mono: successfully reloaded assembly
- Completed reload, in  1.329 seconds
Domain Reload Profiling:
	ReloadAssembly (1329ms)
		BeginReloadAssembly (198ms)
			ExecutionOrderSort (0ms)
			DisableScriptedObjects (9ms)
			BackupInstance (0ms)
			ReleaseScriptingObjects (0ms)
			CreateAndSetChildDomain (47ms)
		EndReloadAssembly (974ms)
			LoadAssemblies (140ms)
			RebuildTransferFunctionScriptingTraits (0ms)
			SetupTypeCache (352ms)
			ReleaseScriptCaches (1ms)
			RebuildScriptCaches (53ms)
			SetupLoadedEditorAssemblies (405ms)
				LogAssemblyErrors (0ms)
				InitializePlatformSupportModulesInManaged (35ms)
				SetLoadedEditorAssemblies (1ms)
				RefreshPlugins (1ms)
				BeforeProcessingInitializeOnLoad (92ms)
				ProcessInitializeOnLoadAttributes (224ms)
				ProcessInitializeOnLoadMethodAttributes (32ms)
				AfterProcessingInitializeOnLoad (20ms)
				EditorAssembliesLoaded (0ms)
			ExecutionOrderSort2 (0ms)
			AwakeInstancesAfterBackupRestoration (9ms)
Platform modules already initialized, skipping
Refreshing native plugins compatible for Editor in 1.88 ms, found 3 plugins.
Preloading 0 native plugins for Editor in 0.00 ms.
Unloading 3364 Unused Serialized files (Serialized files now loaded: 0)
Unloading 20 unused Assets / (78.3 KB). Loaded Objects now: 3860.
Memory consumption went from 140.5 MB to 140.4 MB.
Total: 3.076500 ms (FindLiveObjects: 0.278400 ms CreateObjectMapping: 0.185200 ms MarkObjects: 2.506400 ms  DeleteObjects: 0.105300 ms)

AssetImportParameters requested are different than current active one (requested -> active):
  custom:video-decoder-ogg-theora: a1e56fd34408186e4bbccfd4996cb3dc -> 
  custom:container-muxer-webm: aa71ff27fc2769a1b78a27578f13a17b -> 
  custom:container-demuxer-webm: 4f35f7cbe854078d1ac9338744f61a02 -> 
  custom:video-encoder-webm-vp8: eb34c28f22e8b96e1ab97ce403110664 -> 
  custom:audio-encoder-webm-vorbis: bf7c407c2cedff20999df2af8eb42d56 -> 
  custom:framework-win-MediaFoundation: 216162199b28c13a410421893ffa2e32 -> 
  custom:container-demuxer-ogg: 62fdf1f143b41e24485cea50d1cbac27 -> 
  custom:video-decoder-webm-vp8: 9c59270c3fd7afecdb556c50c9e8de78 -> 
  custom:audio-decoder-ogg-vorbis: bf7c407c2cedff20999df2af8eb42d56 -> 
========================================================================
Received Prepare
Registering precompiled user dll's ...
Registered in 0.007250 seconds.
Begin MonoManager ReloadAssembly
Symbol file LoadedFromMemory doesn't match image D:\Unity\GitHub\SpaceShooterK\SpaceShooterK\Library\PackageCache\com.unity.visualscripting@1.7.8\Editor\VisualScripting.Core\Dependencies\YamlDotNet\Unity.VisualScripting.YamlDotNet.dll
Symbol file LoadedFromMemory doesn't match image D:\Unity\GitHub\SpaceShooterK\SpaceShooterK\Library\PackageCache\com.unity.visualscripting@1.7.8\Editor\VisualScripting.Core\Dependencies\DotNetZip\Unity.VisualScripting.IonicZip.dll
Native extension for WindowsStandalone target not found
Native extension for Android target not found
Native extension for WebGL target not found
Refreshing native plugins compatible for Editor in 0.59 ms, found 3 plugins.
Preloading 0 native plugins for Editor in 0.00 ms.
Mono: successfully reloaded assembly
- Completed reload, in  1.364 seconds
Domain Reload Profiling:
	ReloadAssembly (1365ms)
		BeginReloadAssembly (209ms)
			ExecutionOrderSort (0ms)
			DisableScriptedObjects (13ms)
			BackupInstance (0ms)
			ReleaseScriptingObjects (0ms)
			CreateAndSetChildDomain (48ms)
		EndReloadAssembly (978ms)
			LoadAssemblies (135ms)
			RebuildTransferFunctionScriptingTraits (0ms)
			SetupTypeCache (336ms)
			ReleaseScriptCaches (1ms)
			RebuildScriptCaches (42ms)
			SetupLoadedEditorAssemblies (440ms)
				LogAssemblyErrors (0ms)
				InitializePlatformSupportModulesInManaged (31ms)
				SetLoadedEditorAssemblies (1ms)
				RefreshPlugins (1ms)
				BeforeProcessingInitializeOnLoad (91ms)
				ProcessInitializeOnLoadAttributes (256ms)
				ProcessInitializeOnLoadMethodAttributes (35ms)
				AfterProcessingInitializeOnLoad (25ms)
				EditorAssembliesLoaded (0ms)
			ExecutionOrderSort2 (0ms)
			AwakeInstancesAfterBackupRestoration (10ms)
Platform modules already initialized, skipping
Refreshing native plugins compatible for Editor in 2.09 ms, found 3 plugins.
Preloading 0 native plugins for Editor in 0.00 ms.
Unloading 3364 Unused Serialized files (Serialized files now loaded: 0)
Unloading 20 unused Assets / (78.3 KB). Loaded Objects now: 3863.
Memory consumption went from 140.5 MB to 140.4 MB.
Total: 2.806200 ms (FindLiveObjects: 0.259900 ms CreateObjectMapping: 0.161600 ms MarkObjects: 2.302500 ms  DeleteObjects: 0.081400 ms)

AssetImportParameters requested are different than current active one (requested -> active):
  custom:video-decoder-ogg-theora: a1e56fd34408186e4bbccfd4996cb3dc -> 
  custom:container-muxer-webm: aa71ff27fc2769a1b78a27578f13a17b -> 
  custom:container-demuxer-webm: 4f35f7cbe854078d1ac9338744f61a02 -> 
  custom:video-encoder-webm-vp8: eb34c28f22e8b96e1ab97ce403110664 -> 
  custom:audio-encoder-webm-vorbis: bf7c407c2cedff20999df2af8eb42d56 -> 
  custom:framework-win-MediaFoundation: 216162199b28c13a410421893ffa2e32 -> 
  custom:container-demuxer-ogg: 62fdf1f143b41e24485cea50d1cbac27 -> 
  custom:video-decoder-webm-vp8: 9c59270c3fd7afecdb556c50c9e8de78 -> 
  custom:audio-decoder-ogg-vorbis: bf7c407c2cedff20999df2af8eb42d56 -> 
========================================================================
Received Prepare
Registering precompiled user dll's ...
Registered in 0.007464 seconds.
Begin MonoManager ReloadAssembly
Symbol file LoadedFromMemory doesn't match image D:\Unity\GitHub\SpaceShooterK\SpaceShooterK\Library\PackageCache\com.unity.visualscripting@1.7.8\Editor\VisualScripting.Core\Dependencies\YamlDotNet\Unity.VisualScripting.YamlDotNet.dll
Symbol file LoadedFromMemory doesn't match image D:\Unity\GitHub\SpaceShooterK\SpaceShooterK\Library\PackageCache\com.unity.visualscripting@1.7.8\Editor\VisualScripting.Core\Dependencies\DotNetZip\Unity.VisualScripting.IonicZip.dll
Native extension for WindowsStandalone target not found
Native extension for Android target not found
Native extension for WebGL target not found
Refreshing native plugins compatible for Editor in 0.73 ms, found 3 plugins.
Preloading 0 native plugins for Editor in 0.00 ms.
Mono: successfully reloaded assembly
- Completed reload, in  1.567 seconds
Domain Reload Profiling:
	ReloadAssembly (1567ms)
		BeginReloadAssembly (178ms)
			ExecutionOrderSort (0ms)
			DisableScriptedObjects (6ms)
			BackupInstance (0ms)
			ReleaseScriptingObjects (0ms)
			CreateAndSetChildDomain (39ms)
		EndReloadAssembly (1187ms)
			LoadAssemblies (137ms)
			RebuildTransferFunctionScriptingTraits (0ms)
			SetupTypeCache (422ms)
			ReleaseScriptCaches (2ms)
			RebuildScriptCaches (60ms)
			SetupLoadedEditorAssemblies (507ms)
				LogAssemblyErrors (0ms)
				InitializePlatformSupportModulesInManaged (42ms)
				SetLoadedEditorAssemblies (1ms)
				RefreshPlugins (1ms)
				BeforeProcessingInitializeOnLoad (115ms)
				ProcessInitializeOnLoadAttributes (289ms)
				ProcessInitializeOnLoadMethodAttributes (36ms)
				AfterProcessingInitializeOnLoad (24ms)
				EditorAssembliesLoaded (0ms)
			ExecutionOrderSort2 (0ms)
			AwakeInstancesAfterBackupRestoration (11ms)
Platform modules already initialized, skipping
Refreshing native plugins compatible for Editor in 2.15 ms, found 3 plugins.
Preloading 0 native plugins for Editor in 0.00 ms.
Unloading 3364 Unused Serialized files (Serialized files now loaded: 0)
Unloading 20 unused Assets / (78.3 KB). Loaded Objects now: 3866.
Memory consumption went from 140.5 MB to 140.4 MB.
Total: 3.677300 ms (FindLiveObjects: 0.271300 ms CreateObjectMapping: 0.179700 ms MarkObjects: 3.124800 ms  DeleteObjects: 0.100600 ms)

AssetImportParameters requested are different than current active one (requested -> active):
  custom:video-decoder-ogg-theora: a1e56fd34408186e4bbccfd4996cb3dc -> 
  custom:container-muxer-webm: aa71ff27fc2769a1b78a27578f13a17b -> 
  custom:container-demuxer-webm: 4f35f7cbe854078d1ac9338744f61a02 -> 
  custom:video-encoder-webm-vp8: eb34c28f22e8b96e1ab97ce403110664 -> 
  custom:audio-encoder-webm-vorbis: bf7c407c2cedff20999df2af8eb42d56 -> 
  custom:framework-win-MediaFoundation: 216162199b28c13a410421893ffa2e32 -> 
  custom:container-demuxer-ogg: 62fdf1f143b41e24485cea50d1cbac27 -> 
  custom:video-decoder-webm-vp8: 9c59270c3fd7afecdb556c50c9e8de78 -> 
  custom:audio-decoder-ogg-vorbis: bf7c407c2cedff20999df2af8eb42d56 -> 
========================================================================
Received Prepare
Registering precompiled user dll's ...
Registered in 0.009048 seconds.
Begin MonoManager ReloadAssembly
Symbol file LoadedFromMemory doesn't match image D:\Unity\GitHub\SpaceShooterK\SpaceShooterK\Library\PackageCache\com.unity.visualscripting@1.7.8\Editor\VisualScripting.Core\Dependencies\YamlDotNet\Unity.VisualScripting.YamlDotNet.dll
Symbol file LoadedFromMemory doesn't match image D:\Unity\GitHub\SpaceShooterK\SpaceShooterK\Library\PackageCache\com.unity.visualscripting@1.7.8\Editor\VisualScripting.Core\Dependencies\DotNetZip\Unity.VisualScripting.IonicZip.dll
Native extension for WindowsStandalone target not found
Native extension for Android target not found
Native extension for WebGL target not found
Refreshing native plugins compatible for Editor in 0.64 ms, found 3 plugins.
Preloading 0 native plugins for Editor in 0.00 ms.
Mono: successfully reloaded assembly
- Completed reload, in  1.443 seconds
Domain Reload Profiling:
	ReloadAssembly (1444ms)
		BeginReloadAssembly (191ms)
			ExecutionOrderSort (0ms)
			DisableScriptedObjects (6ms)
			BackupInstance (0ms)
			ReleaseScriptingObjects (0ms)
			CreateAndSetChildDomain (45ms)
		EndReloadAssembly (1107ms)
			LoadAssemblies (135ms)
			RebuildTransferFunctionScriptingTraits (0ms)
			SetupTypeCache (398ms)
			ReleaseScriptCaches (1ms)
			RebuildScriptCaches (60ms)
			SetupLoadedEditorAssemblies (464ms)
				LogAssemblyErrors (0ms)
				InitializePlatformSupportModulesInManaged (36ms)
				SetLoadedEditorAssemblies (1ms)
				RefreshPlugins (1ms)
				BeforeProcessingInitializeOnLoad (104ms)
				ProcessInitializeOnLoadAttributes (265ms)
				ProcessInitializeOnLoadMethodAttributes (34ms)
				AfterProcessingInitializeOnLoad (23ms)
				EditorAssembliesLoaded (0ms)
			ExecutionOrderSort2 (0ms)
			AwakeInstancesAfterBackupRestoration (10ms)
Platform modules already initialized, skipping
Refreshing native plugins compatible for Editor in 2.75 ms, found 3 plugins.
Preloading 0 native plugins for Editor in 0.00 ms.
Unloading 3364 Unused Serialized files (Serialized files now loaded: 0)
Unloading 20 unused Assets / (78.4 KB). Loaded Objects now: 3869.
Memory consumption went from 140.5 MB to 140.4 MB.
Total: 3.786900 ms (FindLiveObjects: 0.288200 ms CreateObjectMapping: 0.174200 ms MarkObjects: 3.228000 ms  DeleteObjects: 0.094800 ms)

AssetImportParameters requested are different than current active one (requested -> active):
  custom:video-decoder-ogg-theora: a1e56fd34408186e4bbccfd4996cb3dc -> 
  custom:container-muxer-webm: aa71ff27fc2769a1b78a27578f13a17b -> 
  custom:container-demuxer-webm: 4f35f7cbe854078d1ac9338744f61a02 -> 
  custom:video-encoder-webm-vp8: eb34c28f22e8b96e1ab97ce403110664 -> 
  custom:audio-encoder-webm-vorbis: bf7c407c2cedff20999df2af8eb42d56 -> 
  custom:framework-win-MediaFoundation: 216162199b28c13a410421893ffa2e32 -> 
  custom:container-demuxer-ogg: 62fdf1f143b41e24485cea50d1cbac27 -> 
  custom:video-decoder-webm-vp8: 9c59270c3fd7afecdb556c50c9e8de78 -> 
  custom:audio-decoder-ogg-vorbis: bf7c407c2cedff20999df2af8eb42d56 -> 
========================================================================
Received Prepare
Registering precompiled user dll's ...
Registered in 0.007709 seconds.
Begin MonoManager ReloadAssembly
Symbol file LoadedFromMemory doesn't match image D:\Unity\GitHub\SpaceShooterK\SpaceShooterK\Library\PackageCache\com.unity.visualscripting@1.7.8\Editor\VisualScripting.Core\Dependencies\YamlDotNet\Unity.VisualScripting.YamlDotNet.dll
Symbol file LoadedFromMemory doesn't match image D:\Unity\GitHub\SpaceShooterK\SpaceShooterK\Library\PackageCache\com.unity.visualscripting@1.7.8\Editor\VisualScripting.Core\Dependencies\DotNetZip\Unity.VisualScripting.IonicZip.dll
Native extension for WindowsStandalone target not found
Native extension for Android target not found
Native extension for WebGL target not found
Refreshing native plugins compatible for Editor in 0.88 ms, found 3 plugins.
Preloading 0 native plugins for Editor in 0.00 ms.
Mono: successfully reloaded assembly
- Completed reload, in  1.480 seconds
Domain Reload Profiling:
	ReloadAssembly (1481ms)
		BeginReloadAssembly (193ms)
			ExecutionOrderSort (0ms)
			DisableScriptedObjects (6ms)
			BackupInstance (0ms)
			ReleaseScriptingObjects (0ms)
			CreateAndSetChildDomain (45ms)
		EndReloadAssembly (1146ms)
			LoadAssemblies (141ms)
			RebuildTransferFunctionScriptingTraits (0ms)
			SetupTypeCache (419ms)
			ReleaseScriptCaches (1ms)
			RebuildScriptCaches (56ms)
			SetupLoadedEditorAssemblies (483ms)
				LogAssemblyErrors (0ms)
				InitializePlatformSupportModulesInManaged (40ms)
				SetLoadedEditorAssemblies (1ms)
				RefreshPlugins (1ms)
				BeforeProcessingInitializeOnLoad (104ms)
				ProcessInitializeOnLoadAttributes (279ms)
				ProcessInitializeOnLoadMethodAttributes (36ms)
				AfterProcessingInitializeOnLoad (22ms)
				EditorAssembliesLoaded (0ms)
			ExecutionOrderSort2 (0ms)
			AwakeInstancesAfterBackupRestoration (11ms)
Platform modules already initialized, skipping
Refreshing native plugins compatible for Editor in 3.20 ms, found 3 plugins.
Preloading 0 native plugins for Editor in 0.00 ms.
Unloading 3364 Unused Serialized files (Serialized files now loaded: 0)
Unloading 20 unused Assets / (78.3 KB). Loaded Objects now: 3872.
Memory consumption went from 140.5 MB to 140.4 MB.
Total: 3.576100 ms (FindLiveObjects: 0.329400 ms CreateObjectMapping: 0.273300 ms MarkObjects: 2.837100 ms  DeleteObjects: 0.135200 ms)

AssetImportParameters requested are different than current active one (requested -> active):
  custom:video-decoder-ogg-theora: a1e56fd34408186e4bbccfd4996cb3dc -> 
  custom:container-muxer-webm: aa71ff27fc2769a1b78a27578f13a17b -> 
  custom:container-demuxer-webm: 4f35f7cbe854078d1ac9338744f61a02 -> 
  custom:video-encoder-webm-vp8: eb34c28f22e8b96e1ab97ce403110664 -> 
  custom:audio-encoder-webm-vorbis: bf7c407c2cedff20999df2af8eb42d56 -> 
  custom:framework-win-MediaFoundation: 216162199b28c13a410421893ffa2e32 -> 
  custom:container-demuxer-ogg: 62fdf1f143b41e24485cea50d1cbac27 -> 
  custom:video-decoder-webm-vp8: 9c59270c3fd7afecdb556c50c9e8de78 -> 
  custom:audio-decoder-ogg-vorbis: bf7c407c2cedff20999df2af8eb42d56 -> 
========================================================================
Received Prepare
Registering precompiled user dll's ...
Registered in 0.006911 seconds.
Begin MonoManager ReloadAssembly
Symbol file LoadedFromMemory doesn't match image D:\Unity\GitHub\SpaceShooterK\SpaceShooterK\Library\PackageCache\com.unity.visualscripting@1.7.8\Editor\VisualScripting.Core\Dependencies\YamlDotNet\Unity.VisualScripting.YamlDotNet.dll
Symbol file LoadedFromMemory doesn't match image D:\Unity\GitHub\SpaceShooterK\SpaceShooterK\Library\PackageCache\com.unity.visualscripting@1.7.8\Editor\VisualScripting.Core\Dependencies\DotNetZip\Unity.VisualScripting.IonicZip.dll
Native extension for WindowsStandalone target not found
Native extension for Android target not found
Native extension for WebGL target not found
Refreshing native plugins compatible for Editor in 0.67 ms, found 3 plugins.
Preloading 0 native plugins for Editor in 0.00 ms.
Mono: successfully reloaded assembly
- Completed reload, in  1.372 seconds
Domain Reload Profiling:
	ReloadAssembly (1373ms)
		BeginReloadAssembly (189ms)
			ExecutionOrderSort (0ms)
			DisableScriptedObjects (9ms)
			BackupInstance (0ms)
			ReleaseScriptingObjects (0ms)
			CreateAndSetChildDomain (46ms)
		EndReloadAssembly (1020ms)
			LoadAssemblies (133ms)
			RebuildTransferFunctionScriptingTraits (0ms)
			SetupTypeCache (399ms)
			ReleaseScriptCaches (1ms)
			RebuildScriptCaches (53ms)
			SetupLoadedEditorAssemblies (393ms)
				LogAssemblyErrors (0ms)
				InitializePlatformSupportModulesInManaged (39ms)
				SetLoadedEditorAssemblies (1ms)
				RefreshPlugins (1ms)
				BeforeProcessingInitializeOnLoad (90ms)
				ProcessInitializeOnLoadAttributes (216ms)
				ProcessInitializeOnLoadMethodAttributes (28ms)
				AfterProcessingInitializeOnLoad (19ms)
				EditorAssembliesLoaded (0ms)
			ExecutionOrderSort2 (0ms)
			AwakeInstancesAfterBackupRestoration (9ms)
Platform modules already initialized, skipping
Refreshing native plugins compatible for Editor in 1.89 ms, found 3 plugins.
Preloading 0 native plugins for Editor in 0.00 ms.
Unloading 3364 Unused Serialized files (Serialized files now loaded: 0)
Unloading 20 unused Assets / (78.4 KB). Loaded Objects now: 3875.
Memory consumption went from 140.5 MB to 140.5 MB.
Total: 2.870400 ms (FindLiveObjects: 0.265000 ms CreateObjectMapping: 0.192700 ms MarkObjects: 2.328700 ms  DeleteObjects: 0.083200 ms)

AssetImportParameters requested are different than current active one (requested -> active):
  custom:video-decoder-ogg-theora: a1e56fd34408186e4bbccfd4996cb3dc -> 
  custom:container-muxer-webm: aa71ff27fc2769a1b78a27578f13a17b -> 
  custom:container-demuxer-webm: 4f35f7cbe854078d1ac9338744f61a02 -> 
  custom:video-encoder-webm-vp8: eb34c28f22e8b96e1ab97ce403110664 -> 
  custom:audio-encoder-webm-vorbis: bf7c407c2cedff20999df2af8eb42d56 -> 
  custom:framework-win-MediaFoundation: 216162199b28c13a410421893ffa2e32 -> 
  custom:container-demuxer-ogg: 62fdf1f143b41e24485cea50d1cbac27 -> 
  custom:video-decoder-webm-vp8: 9c59270c3fd7afecdb556c50c9e8de78 -> 
  custom:audio-decoder-ogg-vorbis: bf7c407c2cedff20999df2af8eb42d56 -> 
========================================================================
Received Prepare
Registering precompiled user dll's ...
Registered in 0.009666 seconds.
Begin MonoManager ReloadAssembly
Symbol file LoadedFromMemory doesn't match image D:\Unity\GitHub\SpaceShooterK\SpaceShooterK\Library\PackageCache\com.unity.visualscripting@1.7.8\Editor\VisualScripting.Core\Dependencies\YamlDotNet\Unity.VisualScripting.YamlDotNet.dll
Symbol file LoadedFromMemory doesn't match image D:\Unity\GitHub\SpaceShooterK\SpaceShooterK\Library\PackageCache\com.unity.visualscripting@1.7.8\Editor\VisualScripting.Core\Dependencies\DotNetZip\Unity.VisualScripting.IonicZip.dll
Native extension for WindowsStandalone target not found
Native extension for Android target not found
Native extension for WebGL target not found
Refreshing native plugins compatible for Editor in 0.60 ms, found 3 plugins.
Preloading 0 native plugins for Editor in 0.00 ms.
Mono: successfully reloaded assembly
- Completed reload, in  1.231 seconds
Domain Reload Profiling:
	ReloadAssembly (1232ms)
		BeginReloadAssembly (186ms)
			ExecutionOrderSort (0ms)
			DisableScriptedObjects (7ms)
			BackupInstance (0ms)
			ReleaseScriptingObjects (0ms)
			CreateAndSetChildDomain (47ms)
		EndReloadAssembly (886ms)
			LoadAssemblies (136ms)
			RebuildTransferFunctionScriptingTraits (0ms)
			SetupTypeCache (294ms)
			ReleaseScriptCaches (1ms)
			RebuildScriptCaches (44ms)
			SetupLoadedEditorAssemblies (385ms)
				LogAssemblyErrors (0ms)
				InitializePlatformSupportModulesInManaged (31ms)
				SetLoadedEditorAssemblies (1ms)
				RefreshPlugins (1ms)
				BeforeProcessingInitializeOnLoad (86ms)
				ProcessInitializeOnLoadAttributes (219ms)
				ProcessInitializeOnLoadMethodAttributes (28ms)
				AfterProcessingInitializeOnLoad (19ms)
				EditorAssembliesLoaded (0ms)
			ExecutionOrderSort2 (0ms)
			AwakeInstancesAfterBackupRestoration (8ms)
Platform modules already initialized, skipping
Refreshing native plugins compatible for Editor in 2.20 ms, found 3 plugins.
Preloading 0 native plugins for Editor in 0.00 ms.
Unloading 3364 Unused Serialized files (Serialized files now loaded: 0)
Unloading 20 unused Assets / (78.4 KB). Loaded Objects now: 3878.
Memory consumption went from 140.5 MB to 140.5 MB.
Total: 2.810900 ms (FindLiveObjects: 0.257700 ms CreateObjectMapping: 0.168700 ms MarkObjects: 2.302800 ms  DeleteObjects: 0.080900 ms)

AssetImportParameters requested are different than current active one (requested -> active):
  custom:video-decoder-ogg-theora: a1e56fd34408186e4bbccfd4996cb3dc -> 
  custom:container-muxer-webm: aa71ff27fc2769a1b78a27578f13a17b -> 
  custom:container-demuxer-webm: 4f35f7cbe854078d1ac9338744f61a02 -> 
  custom:video-encoder-webm-vp8: eb34c28f22e8b96e1ab97ce403110664 -> 
  custom:audio-encoder-webm-vorbis: bf7c407c2cedff20999df2af8eb42d56 -> 
  custom:framework-win-MediaFoundation: 216162199b28c13a410421893ffa2e32 -> 
  custom:container-demuxer-ogg: 62fdf1f143b41e24485cea50d1cbac27 -> 
  custom:video-decoder-webm-vp8: 9c59270c3fd7afecdb556c50c9e8de78 -> 
  custom:audio-decoder-ogg-vorbis: bf7c407c2cedff20999df2af8eb42d56 -> 
